************************************************************************
HSPICE RF -- A-2008.03 (Feb 26 2008)
Copyright (C) 2008 Synopsys,Inc. All rights reserved.
This software and the associated documentation are confidential and
proprietary to Synopsys, Inc. Your use or disclosure of this software
is subject to the terms and conditions of a written license agreement
between you, or your company, and Synopsys, Inc.
************************************************************************

hspicerf 32-bit version A-2008.03 (Feb 26 2008 14:57:57)

machine info: Professional Server 4.0 (Build 9200) 586 on DESKTOP-BLC9J0L

current time: 02:09:25 04/15/2020

command line: hspicerf ../sim/bts/1/bts.sp -o ../sim/bts/1/bts

Total number of lines parsed: 410

Resource Usage for Parsing
--------------------------
| CPU Time    | 0.01 sec |
| Peak Memory | 0.03 Mb  |
|------------------------|

Source Files
-------------------------
| "../sim/bts/1/bts.sp" |
| "param.cir"           |
| "130nm.txt"           |
|-----------------------|

Options
------------------
| Option | Value |
|--------+-------|
| FAST   | on    |
| POST   | 1     |
|----------------|

Warning: (../sim/bts/1/bts.sp : 51) capacitor "CX" has too big value C=1000,
this may cause instability or singularity in simulation, please verify your
netlist

22 unique instance models are loaded.

Resource Usage for Load Netlist Data
--------------------------
| CPU Time    | 0.00 sec |
| Peak Memory | 0.00 Mb  |
|------------------------|

Netlist Statistics
---------------------
| Type      | Count |
|-----------+-------|
| nmos      | 10    |
| pmos      | 6     |
| resistor  | 2     |
| capacitor | 3     |
| vsrc      | 4     |
| vcvs      | 1     |
| inductor  | 1     |
|-------------------|

Summary of Possible Problems in Netlist
-------------------------------------
| Negative resistor             | 0 |
| Negative capacitor            | 0 |
| Negative inductor             | 0 |
| Unconnected node              | 0 |
| Dangling terminal             | 0 |
| Non-rail bulk terminal        | 0 |
| Floating MOS gate             | 0 |
| Floating MOS bulk             | 0 |
| Floating BJT substrate        | 0 |
| Floating controlled input     | 0 |
| Floating current source nodes | 0 |
| Source loop                   | 0 |
|-----------------------------------|

Resource Usage for Netlist Check
--------------------------
| CPU Time    | 0.00 sec |
| Peak Memory | 0.00 Mb  |
|------------------------|

Number of nodes: 24

Total number of nodes (including internal nodes): 24

Resource Usage for Netlist Data Compression
--------------------------
| CPU Time    | 0.00 sec |
| Peak Memory | 0.00 Mb  |
|------------------------|

Simulation

Operating Point Status time=0
-----------------------
| Node | Voltage      |
|------+--------------|
| ENG  | 0.600832     |
| 1    | 1.2          |
| 2    | 0.859153     |
| 3    | 0.883697     |
| 4    | 0.600832     |
| 5    | 0.223358     |
| 6    | 0.423893     |
| 7    | 0.155489     |
| 8    | 0.552061     |
| 9    | 0.600832     |
| 10   | 0.6          |
| 11   | 0.223358     |
| 12   | 0.21628      |
| 13   | 0            |
| 14   | 0.274702     |
| 15   | 0.277384     |
| 1000 | 1.54048e-009 |
|---------------------|


-----------------------------------------------------------------------
| Element | VSS          | VX           | VIN          | VDD          |
|---------+--------------+--------------+--------------+--------------|
| volts   | 0.0000e+000  | 1.5405e-009  | 6.0000e-001  | 1.2000e+000  |
| current | -1.2040e-004 | -1.5405e-012 | -1.1749e-015 | -1.2040e-004 |
| power   | 0.0000e+000  | 2.3731e-021  | 7.0494e-016  | 1.4448e-004  |
|---------------------------------------------------------------------|


--------------------------------------------------------------------------
| Element    | M7           | M9           | M16          | M14          |
|------------+--------------+--------------+--------------+--------------|
| Model Name | PFET         | NFET         | NFET         | NFET         |
| region     | Cutoff       | Cutoff       | Saturation   | Saturation   |
| id         | -1.4972e-005 | 2.0054e-015  | 3.2375e-005  | 3.2375e-005  |
| ibs        | -0.0000e+000 | 0.0000e+000  | 0.0000e+000  | 0.0000e+000  |
| ibd        | 1.4581e-016  | -2.7387e-025 | -7.2260e-016 | -7.2261e-016 |
| vgs        | -3.1630e-001 | 2.0054e-001  | 2.7738e-001  | 2.7736e-001  |
| vds        | -5.9917e-001 | 5.4608e-012  | 2.7470e-001  | 2.7736e-001  |
| vbs        | 0.0000e+000  | 0.0000e+000  | 0.0000e+000  | 0.0000e+000  |
| vth        | -2.6441e-001 | 2.3611e-001  | 2.3679e-001  | 2.3679e-001  |
| vdsat      | -8.2099e-002 | 5.5151e-002  | 8.7120e-002  | 8.7106e-002  |
| beta       | 5.8139e-003  | 2.9264e-002  | 1.3356e-002  | 1.3356e-002  |
| gam eff    | 4.6282e-001  | 4.1016e-001  | 4.1022e-001  | 4.1022e-001  |
| gm         | 2.7648e-004  | 4.3202e-014  | 6.2473e-004  | 6.2481e-004  |
| gds        | 5.7933e-007  | 3.6723e-004  | 6.0005e-006  | 5.9632e-006  |
| gmb        | 5.6993e-005  | 6.0950e-015  | 8.4857e-005  | 8.4867e-005  |
| cdtot      | 1.1148e-013  | 3.7416e-013  | 4.4519e-014  | 4.4457e-014  |
| cgtot      | 5.1787e-013  | 3.8077e-013  | 2.6722e-013  | 2.6717e-013  |
| cstot      | 5.8483e-013  | 3.5056e-013  | 2.8489e-013  | 2.8487e-013  |
| cbtot      | 3.4260e-013  | 3.0355e-013  | 1.3222e-013  | 1.3218e-013  |
| cgs        | 4.3679e-013  | 1.4595e-013  | 2.2877e-013  | 2.2873e-013  |
| cgd        | 2.0500e-014  | 1.4189e-013  | 9.6024e-015  | 9.5914e-015  |
|------------------------------------------------------------------------|


--------------------------------------------------------------------------
| Element    | M4           | M6           | M13          | M8           |
|------------+--------------+--------------+--------------+--------------|
| Model Name | NFET         | NFET         | NFET         | PFET         |
| region     | Cutoff       | Cutoff       | Saturation   | Cutoff       |
| id         | 6.0904e-006  | 1.4972e-005  | 3.2391e-005  | -3.2391e-005 |
| ibs        | 0.0000e+000  | 0.0000e+000  | 0.0000e+000  | -0.0000e+000 |
| ibd        | -2.4736e-015 | -1.0036e-015 | -7.2270e-016 | 3.1622e-016  |
| vgs        | 1.5549e-001  | 2.2336e-001  | 2.7468e-001  | -3.1630e-001 |
| vds        | 2.2336e-001  | 6.0083e-001  | 6.0631e-001  | -3.1630e-001 |
| vbs        | 0.0000e+000  | 0.0000e+000  | 0.0000e+000  | 0.0000e+000  |
| vth        | 2.3588e-001  | 2.3644e-001  | 2.3679e-001  | -2.6443e-001 |
| vdsat      | 4.7136e-002  | 6.1966e-002  | 8.5570e-002  | -8.2096e-002 |
| beta       | 4.7175e-002  | 1.8829e-002  | 1.3363e-002  | 1.2731e-002  |
| gam eff    | 4.1014e-001  | 4.1019e-001  | 4.1022e-001  | 4.6281e-001  |
| gm         | 1.7054e-004  | 3.5655e-004  | 6.3145e-004  | 5.9819e-004  |
| gds        | 1.2771e-006  | 2.3720e-006  | 4.8593e-006  | 1.6004e-006  |
| gmb        | 2.3582e-005  | 4.8711e-005  | 8.5768e-005  | 1.2325e-004  |
| cdtot      | 1.5448e-013  | 5.5866e-014  | 4.0024e-014  | 2.6359e-013  |
| cgtot      | 3.3493e-013  | 2.6298e-013  | 2.6381e-013  | 1.1348e-012  |
| cstot      | 2.6664e-013  | 2.7197e-013  | 2.8232e-013  | 1.2785e-012  |
| cbtot      | 4.6520e-013  | 1.8050e-013  | 1.2849e-013  | 7.6793e-013  |
| cgs        | 1.1010e-013  | 1.9328e-013  | 2.2522e-013  | 9.5701e-013  |
| cgd        | 3.2199e-014  | 1.2904e-014  | 9.2521e-015  | 4.5434e-014  |
|------------------------------------------------------------------------|


--------------------------------------------------------------------------
| Element    | M5           | M2           | M10          | M11          |
|------------+--------------+--------------+--------------+--------------|
| Model Name | PFET         | PFET         | PFET         | NFET         |
| region     | Cutoff       | Cutoff       | Cutoff       | Cutoff       |
| id         | -1.2081e-005 | -6.0904e-006 | -2.8581e-005 | 2.8581e-005  |
| ibs        | -0.0000e+000 | -0.0000e+000 | -0.0000e+000 | 0.0000e+000  |
| ibd        | 1.1937e-016  | 1.9446e-016  | 2.7424e-016  | -2.9145e-015 |
| vgs        | -3.1630e-001 | -2.5915e-001 | -3.1630e-001 | 2.0761e-001  |
| vds        | -3.4085e-001 | -6.3580e-001 | -7.7611e-001 | 2.0761e-001  |
| vbs        | 0.0000e+000  | 0.0000e+000  | 0.0000e+000  | 0.0000e+000  |
| vth        | -2.6440e-001 | -2.6442e-001 | -2.6443e-001 | 2.3582e-001  |
| vdsat      | -8.2100e-002 | -5.6423e-002 | -8.2096e-002 | 5.7316e-002  |
| beta       | 4.7407e-003  | 7.9061e-003  | 1.1027e-002  | 5.5514e-002  |
| gam eff    | 4.6282e-001  | 4.6282e-001  | 4.6281e-001  | 4.1014e-001  |
| gm         | 2.2309e-004  | 1.4074e-004  | 5.2777e-004  | 7.1201e-004  |
| gds        | 5.6265e-007  | 2.3828e-007  | 1.0793e-006  | 6.4092e-006  |
| gmb        | 4.5952e-005  | 2.9016e-005  | 1.0887e-004  | 9.7677e-005  |
| cdtot      | 9.7556e-014  | 1.4789e-013  | 2.0319e-013  | 1.8455e-013  |
| cgtot      | 4.2284e-013  | 4.3849e-013  | 9.8146e-013  | 6.5985e-013  |
| cstot      | 4.7672e-013  | 4.6078e-013  | 1.1086e-012  | 6.5810e-013  |
| cbtot      | 2.8574e-013  | 4.5827e-013  | 6.4123e-013  | 5.4968e-013  |
| cgs        | 3.5664e-013  | 2.7404e-013  | 8.2775e-013  | 4.3722e-013  |
| cgd        | 1.6882e-014  | 2.7407e-014  | 3.8815e-014  | 3.8564e-014  |
|------------------------------------------------------------------------|


--------------------------------------------------------------------------
| Element    | M15          | M12          | M1           | M3           |
|------------+--------------+--------------+--------------+--------------|
| Model Name | NFET         | NFET         | PFET         | NFET         |
| region     | Saturation   | Cutoff       | Cutoff       | Cutoff       |
| id         | 3.2391e-005  | 2.8581e-005  | -5.9902e-006 | 5.9902e-006  |
| ibs        | 0.0000e+000  | 0.0000e+000  | -0.0000e+000 | 0.0000e+000  |
| ibd        | -7.2261e-016 | -2.3606e-015 | 1.9446e-016  | -2.4594e-015 |
| vgs        | 2.7738e-001  | 2.1628e-001  | -2.5832e-001 | 1.5549e-001  |
| vds        | 2.7738e-001  | 2.1628e-001  | -7.0366e-001 | 1.5549e-001  |
| vbs        | 0.0000e+000  | 0.0000e+000  | 0.0000e+000  | 0.0000e+000  |
| vth        | 2.3679e-001  | 2.3590e-001  | -2.6442e-001 | 2.3588e-001  |
| vdsat      | 8.7120e-002  | 5.9925e-002  | -5.6142e-002 | 4.7136e-002  |
| beta       | 1.3356e-002  | 4.4848e-002  | 7.9074e-003  | 4.7175e-002  |
| gam eff    | 4.1022e-001  | 4.1014e-001  | 4.6282e-001  | 4.1014e-001  |
| gm         | 6.2504e-004  | 6.9520e-004  | 1.3876e-004  | 1.6770e-004  |
| gds        | 5.9658e-006  | 6.2105e-006  | 2.3240e-007  | 1.8253e-006  |
| gmb        | 8.4899e-005  | 9.5248e-005  | 2.8614e-005  | 2.3190e-005  |
| cdtot      | 4.4457e-014  | 1.4898e-013  | 1.4572e-013  | 1.5881e-013  |
| cgtot      | 2.6720e-013  | 5.8617e-013  | 4.3486e-013  | 3.3525e-013  |
| cstot      | 2.8490e-013  | 5.9645e-013  | 4.5600e-013  | 2.6647e-013  |
| cbtot      | 1.3218e-013  | 4.4404e-013  | 4.5610e-013  | 4.6925e-013  |
| cgs        | 2.2876e-013  | 4.1404e-013  | 2.6959e-013  | 1.1033e-013  |
| cgd        | 9.5915e-015  | 3.1262e-014  | 2.7403e-014  | 3.2336e-014  |
|------------------------------------------------------------------------|


---------------------------------------
| Element | RX          | RB          |
|---------+-------------+-------------|
| r value | 1.0000e+003 | 2.0014e+004 |
| v drop  | 1.5405e-009 | 6.4794e-001 |
| current | 1.5405e-012 | 3.2375e-005 |
| power   | 2.3731e-021 | 2.0977e-005 |
|-------------------------------------|

Resource Usage for Operating Point
--------------------------
| CPU Time    | 0.00 sec |
| Peak Memory | 0.00 Mb  |
|------------------------|

AC Analysis

0.1% frequency = 102.329299 Hz ( etc = 0.0 sec, ett = 0.0 sec )

10.0% frequency = 407.380278 Hz ( etc = 0.0 sec, ett = 0.0 sec )

20.0% frequency = 1.621810 kHz ( etc = 0.0 sec, ett = 0.0 sec )

30.0% frequency = 6.456542 kHz ( etc = 0.0 sec, ett = 0.0 sec )

40.0% frequency = 25.703958 kHz ( etc = 0.0 sec, ett = 0.0 sec )

50.0% frequency = 102.329299 kHz ( etc = 0.0 sec, ett = 0.0 sec )

60.0% frequency = 407.380278 kHz ( etc = 0.0 sec, ett = 0.0 sec )

70.0% frequency = 1.621810 MHz ( etc = 0.0 sec, ett = 0.0 sec )

80.0% frequency = 6.456542 MHz ( etc = 0.0 sec, ett = 0.0 sec )

90.0% frequency = 25.703958 MHz ( etc = 0.0 sec, ett = 0.0 sec )



100.0% frequency = 100.000000 MHz ( etc = 0.0 sec, ett = 0.0 sec )
******
***
****** ac analysis temp= 25
******
bw= 4.089542e+006 when/at=4.090e+006
gain= 8.065601e+001 from= 1.000e+002 to= 1.000e+008
himg= -9.795083e-001 when/at=4.090e+006
hreal= -2.013964e-001 when/at=4.090e+006
tmp= 7.765601e+001 from= 1.000e+002 to= 1.000e+008



finished AC analysis (0.02 sec)



AC analysis time = 0.02 cpu sec

Transient Analysis
10.0% time = 10.0 ns ( etc = 0.0 sec, ett = 0.0 sec )
( slv=9 evl=8 rej=0 mem=0 cpu=0 wall=0 )
20.0% time = 20.0 ns ( etc = 0.0 sec, ett = 0.0 sec )
( slv=9 evl=8 rej=0 mem=0 cpu=0 wall=0 )
30.0% time = 30.0 ns ( etc = 0.0 sec, ett = 0.0 sec )
( slv=10 evl=9 rej=0 mem=0 cpu=0 wall=0 )
40.0% time = 40.0 ns ( etc = 0.0 sec, ett = 0.0 sec )
( slv=10 evl=9 rej=0 mem=0 cpu=0 wall=0 )
50.0% time = 50.0 ns ( etc = 0.0 sec, ett = 0.0 sec )
( slv=10 evl=9 rej=0 mem=0 cpu=0 wall=0 )
60.0% time = 60.0 ns ( etc = 0.0 sec, ett = 0.0 sec )
( slv=10 evl=9 rej=0 mem=0 cpu=0 wall=0 )
70.0% time = 70.0 ns ( etc = 0.0 sec, ett = 0.0 sec )
( slv=10 evl=9 rej=0 mem=0 cpu=0 wall=0 )
80.0% time = 80.0 ns ( etc = 0.0 sec, ett = 0.0 sec )
( slv=10 evl=9 rej=0 mem=0 cpu=0 wall=0 )
90.0% time = 90.0 ns ( etc = 0.0 sec, ett = 0.0 sec )
( slv=11 evl=10 rej=0 mem=0 cpu=0 wall=0 )
100.0% time = 100.0 ns ( etc = 0.0 sec, ett = 0.0 sec )
( slv=11 evl=10 rej=0 mem=0 cpu=0 wall=0 )

solve = 11 eval = 10 reject = 0
******
***
****** transient analysis temp= 25
******
zpower= 1.444788e-004 from= 0.000e+000 to= 1.000e-007
zsarea= 1.540483e-009 from= 0.000e+000 to= 1.000e-007



Transient time = 0.002 cpu sec, 0 wall sec

Resource Usage for Transient Analysis
--------------------------
| CPU Time    | 0.01 sec |
| Peak Memory | 0.00 Mb  |
|------------------------|

--- hspicerf done [../sim/bts/1/bts.sp] ---

Total time = 0.04 cpu sec

Total memory = 0.00 Mbytes





See "../sim/bts/1/bts.lis" for results and statistics.
